# JRE version: Java(TM) SE Runtime Environment (11.0.4+10) (build 11.0.4+10-LTS)
# Java VM: Java HotSpot(TM) 64-Bit Server VM (11.0.4+10-LTS, mixed mode, tiered, compressed oops, g1 gc, windows-amd64)
Heap:
 garbage-first heap   total 157696K, used 16702K [0x0000000081c00000, 0x0000000100000000)
  region size 1024K, 7 young (7168K), 7 survivors (7168K)
 Metaspace       used 33191K, capacity 34247K, committed 34432K, reserved 1093632K
  class space    used 4171K, capacity 4614K, committed 4736K, reserved 1048576K
GC Heap History (10 events):
Event: 1.017 GC heap before
{Heap before GC invocations=3 (full 0):
 garbage-first heap   total 131072K, used 28070K [0x0000000081c00000, 0x0000000100000000)
  region size 1024K, 23 young (23552K), 3 survivors (3072K)
 Metaspace       used 20634K, capacity 21118K, committed 21248K, reserved 1067008K
  class space    used 2488K, capacity 2696K, committed 2816K, reserved 1048576K
}
Event: 1.021 GC heap after
{Heap after GC invocations=4 (full 0):
 garbage-first heap   total 131072K, used 9348K [0x0000000081c00000, 0x0000000100000000)
  region size 1024K, 3 young (3072K), 3 survivors (3072K)
 Metaspace       used 20634K, capacity 21118K, committed 21248K, reserved 1067008K
  class space    used 2488K, capacity 2696K, committed 2816K, reserved 1048576K
}
Event: 1.371 GC heap before
{Heap before GC invocations=5 (full 0):
 garbage-first heap   total 131072K, used 51332K [0x0000000081c00000, 0x0000000100000000)
  region size 1024K, 46 young (47104K), 3 survivors (3072K)
 Metaspace       used 25110K, capacity 25810K, committed 25984K, reserved 1071104K
  class space    used 3065K, capacity 3348K, committed 3456K, reserved 1048576K
}
Event: 1.378 GC heap after
{Heap after GC invocations=6 (full 0):
 garbage-first heap   total 157696K, used 10625K [0x0000000081c00000, 0x0000000100000000)
  region size 1024K, 4 young (4096K), 4 survivors (4096K)
 Metaspace       used 25110K, capacity 25810K, committed 25984K, reserved 1071104K
  class space    used 3065K, capacity 3348K, committed 3456K, reserved 1048576K
}
Event: 2.370 GC heap before
{Heap before GC invocations=6 (full 0):
 garbage-first heap   total 157696K, used 99713K [0x0000000081c00000, 0x0000000100000000)
  region size 1024K, 92 young (94208K), 4 survivors (4096K)
 Metaspace       used 29813K, capacity 30756K, committed 30976K, reserved 1077248K
  class space    used 3726K, capacity 4096K, committed 4096K, reserved 1048576K
}
Event: 2.380 GC heap after
{Heap after GC invocations=7 (full 0):
 garbage-first heap   total 157696K, used 13600K [0x0000000081c00000, 0x0000000100000000)
  region size 1024K, 7 young (7168K), 7 survivors (7168K)
 Metaspace       used 29813K, capacity 30756K, committed 30976K, reserved 1077248K
  class space    used 3726K, capacity 4096K, committed 4096K, reserved 1048576K
}
Event: 3.408 GC heap before
{Heap before GC invocations=7 (full 0):
 garbage-first heap   total 157696K, used 44320K [0x0000000081c00000, 0x0000000100000000)
  region size 1024K, 38 young (38912K), 7 survivors (7168K)
 Metaspace       used 32976K, capacity 34020K, committed 34048K, reserved 1085440K
  class space    used 4153K, capacity 4581K, committed 4608K, reserved 1048576K
}
Event: 3.424 GC heap after
{Heap after GC invocations=8 (full 0):
 garbage-first heap   total 157696K, used 15917K [0x0000000081c00000, 0x0000000100000000)
  region size 1024K, 9 young (9216K), 9 survivors (9216K)
 Metaspace       used 32976K, capacity 34020K, committed 34048K, reserved 1085440K
  class space    used 4153K, capacity 4581K, committed 4608K, reserved 1048576K
}
Event: 3.551 GC heap before
{Heap before GC invocations=9 (full 0):
 garbage-first heap   total 157696K, used 16941K [0x0000000081c00000, 0x0000000100000000)
  region size 1024K, 11 young (11264K), 9 survivors (9216K)
 Metaspace       used 33191K, capacity 34247K, committed 34432K, reserved 1091584K
  class space    used 4171K, capacity 4614K, committed 4736K, reserved 1048576K
}
Event: 3.565 GC heap after
{Heap after GC invocations=10 (full 0):
 garbage-first heap   total 157696K, used 16702K [0x0000000081c00000, 0x0000000100000000)
  region size 1024K, 7 young (7168K), 7 survivors (7168K)
 Metaspace       used 33191K, capacity 34247K, committed 34432K, reserved 1091584K
  class space    used 4171K, capacity 4614K, committed 4736K, reserved 1048576K
}

